<?xml version="1.0" encoding="UTF-8"?>
<testsuite name="com.sijune.timing.web.PostsApiControllerTest" tests="3" skipped="0" failures="0" errors="0" timestamp="2021-04-04T08:52:22" hostname="SijuneLcBookPro" time="0.183">
  <properties/>
  <testcase name="BaseTimeEntity_등록" classname="com.sijune.timing.web.PostsApiControllerTest" time="0.098"/>
  <testcase name="Posts_등록된다" classname="com.sijune.timing.web.PostsApiControllerTest" time="0.055"/>
  <testcase name="Posts_수정된다" classname="com.sijune.timing.web.PostsApiControllerTest" time="0.028"/>
  <system-out><![CDATA[2021-04-04 17:52:22.041  INFO 60963 --- [    Test worker] .b.t.c.SpringBootTestContextBootstrapper : Neither @ContextConfiguration nor @ContextHierarchy found for test class [com.sijune.timing.web.PostsApiControllerTest], using SpringBootContextLoader
2021-04-04 17:52:22.042  INFO 60963 --- [    Test worker] o.s.t.c.support.AbstractContextLoader    : Could not detect default resource locations for test class [com.sijune.timing.web.PostsApiControllerTest]: no resource found for suffixes {-context.xml, Context.groovy}.
2021-04-04 17:52:22.042  INFO 60963 --- [    Test worker] t.c.s.AnnotationConfigContextLoaderUtils : Could not detect default configuration classes for test class [com.sijune.timing.web.PostsApiControllerTest]: PostsApiControllerTest does not declare any static, non-private, non-final, nested classes annotated with @Configuration.
2021-04-04 17:52:22.043  INFO 60963 --- [    Test worker] .b.t.c.SpringBootTestContextBootstrapper : Found @SpringBootConfiguration com.sijune.timing.Application for test class com.sijune.timing.web.PostsApiControllerTest
2021-04-04 17:52:22.044  INFO 60963 --- [    Test worker] .b.t.c.SpringBootTestContextBootstrapper : Loaded default TestExecutionListener class names from location [META-INF/spring.factories]: [org.springframework.security.test.context.support.WithSecurityContextTestExecutionListener, org.springframework.security.test.context.support.ReactorContextTestExecutionListener, org.springframework.boot.test.autoconfigure.restdocs.RestDocsTestExecutionListener, org.springframework.boot.test.autoconfigure.web.client.MockRestServiceServerResetTestExecutionListener, org.springframework.boot.test.autoconfigure.web.servlet.MockMvcPrintOnlyOnFailureTestExecutionListener, org.springframework.boot.test.autoconfigure.web.servlet.WebDriverTestExecutionListener, org.springframework.boot.test.mock.mockito.MockitoTestExecutionListener, org.springframework.boot.test.mock.mockito.ResetMocksTestExecutionListener, org.springframework.test.context.web.ServletTestExecutionListener, org.springframework.test.context.support.DirtiesContextBeforeModesTestExecutionListener, org.springframework.test.context.support.DependencyInjectionTestExecutionListener, org.springframework.test.context.support.DirtiesContextTestExecutionListener, org.springframework.test.context.transaction.TransactionalTestExecutionListener, org.springframework.test.context.jdbc.SqlScriptsTestExecutionListener]
2021-04-04 17:52:22.045  INFO 60963 --- [    Test worker] .b.t.c.SpringBootTestContextBootstrapper : Using TestExecutionListeners: [org.springframework.test.context.web.ServletTestExecutionListener@1690fa99, org.springframework.test.context.support.DirtiesContextBeforeModesTestExecutionListener@608016cc, org.springframework.boot.test.mock.mockito.MockitoTestExecutionListener@1f739952, org.springframework.boot.test.autoconfigure.SpringBootDependencyInjectionTestExecutionListener@340ddfc6, org.springframework.test.context.support.DirtiesContextTestExecutionListener@2558bfec, org.springframework.test.context.transaction.TransactionalTestExecutionListener@450eebfd, org.springframework.test.context.jdbc.SqlScriptsTestExecutionListener@46344307, org.springframework.security.test.context.support.WithSecurityContextTestExecutionListener@1c1d57e8, org.springframework.security.test.context.support.ReactorContextTestExecutionListener@7cda3c58, org.springframework.boot.test.autoconfigure.restdocs.RestDocsTestExecutionListener@4e39713d, org.springframework.boot.test.autoconfigure.web.client.MockRestServiceServerResetTestExecutionListener@2af12f86, org.springframework.boot.test.autoconfigure.web.servlet.MockMvcPrintOnlyOnFailureTestExecutionListener@5c258f27, org.springframework.boot.test.autoconfigure.web.servlet.WebDriverTestExecutionListener@71305007, org.springframework.boot.test.mock.mockito.ResetMocksTestExecutionListener@74056785]
2021-04-04 17:52:22.051  INFO 60963 --- [    Test worker] o.a.c.c.C.[Tomcat].[localhost].[/]       : Initializing Spring TestDispatcherServlet ''
2021-04-04 17:52:22.051  INFO 60963 --- [    Test worker] o.s.t.web.servlet.TestDispatcherServlet  : Initializing Servlet ''
2021-04-04 17:52:22.055  INFO 60963 --- [    Test worker] o.s.t.web.servlet.TestDispatcherServlet  : Completed initialization in 3 ms
Hibernate: insert into posts (create_date, modified_date, author, content, title) values (?, ?, ?, ?, ?)
Hibernate: select posts0_.id as id1_0_, posts0_.create_date as create_d2_0_, posts0_.modified_date as modified3_0_, posts0_.author as author4_0_, posts0_.content as content5_0_, posts0_.title as title6_0_ from posts posts0_
>>>>>>>>>>> createdDate=2021-04-04T17:52:22.092, modifiedDate=2021-04-04T17:52:22.092
Hibernate: select posts0_.id as id1_0_, posts0_.create_date as create_d2_0_, posts0_.modified_date as modified3_0_, posts0_.author as author4_0_, posts0_.content as content5_0_, posts0_.title as title6_0_ from posts posts0_
Hibernate: delete from posts where id=?
2021-04-04 17:52:22.153  INFO 60963 --- [    Test worker] o.a.c.c.C.[Tomcat].[localhost].[/]       : Initializing Spring TestDispatcherServlet ''
2021-04-04 17:52:22.153  INFO 60963 --- [    Test worker] o.s.t.web.servlet.TestDispatcherServlet  : Initializing Servlet ''
2021-04-04 17:52:22.157  INFO 60963 --- [    Test worker] o.s.t.web.servlet.TestDispatcherServlet  : Completed initialization in 4 ms
Hibernate: insert into posts (create_date, modified_date, author, content, title) values (?, ?, ?, ?, ?)
Hibernate: select posts0_.id as id1_0_, posts0_.create_date as create_d2_0_, posts0_.modified_date as modified3_0_, posts0_.author as author4_0_, posts0_.content as content5_0_, posts0_.title as title6_0_ from posts posts0_
Hibernate: select posts0_.id as id1_0_, posts0_.create_date as create_d2_0_, posts0_.modified_date as modified3_0_, posts0_.author as author4_0_, posts0_.content as content5_0_, posts0_.title as title6_0_ from posts posts0_
Hibernate: delete from posts where id=?
2021-04-04 17:52:22.206  INFO 60963 --- [    Test worker] o.a.c.c.C.[Tomcat].[localhost].[/]       : Initializing Spring TestDispatcherServlet ''
2021-04-04 17:52:22.206  INFO 60963 --- [    Test worker] o.s.t.web.servlet.TestDispatcherServlet  : Initializing Servlet ''
2021-04-04 17:52:22.209  INFO 60963 --- [    Test worker] o.s.t.web.servlet.TestDispatcherServlet  : Completed initialization in 3 ms
Hibernate: insert into posts (create_date, modified_date, author, content, title) values (?, ?, ?, ?, ?)
Hibernate: select posts0_.id as id1_0_0_, posts0_.create_date as create_d2_0_0_, posts0_.modified_date as modified3_0_0_, posts0_.author as author4_0_0_, posts0_.content as content5_0_0_, posts0_.title as title6_0_0_ from posts posts0_ where posts0_.id=?
Hibernate: update posts set create_date=?, modified_date=?, author=?, content=?, title=? where id=?
Hibernate: select posts0_.id as id1_0_, posts0_.create_date as create_d2_0_, posts0_.modified_date as modified3_0_, posts0_.author as author4_0_, posts0_.content as content5_0_, posts0_.title as title6_0_ from posts posts0_
Hibernate: select posts0_.id as id1_0_, posts0_.create_date as create_d2_0_, posts0_.modified_date as modified3_0_, posts0_.author as author4_0_, posts0_.content as content5_0_, posts0_.title as title6_0_ from posts posts0_
Hibernate: delete from posts where id=?
]]></system-out>
  <system-err><![CDATA[]]></system-err>
</testsuite>
