<?xml version="1.0" encoding="UTF-8"?>
<testsuite name="com.sijune.timing.web.HelloControllerTest" tests="2" skipped="0" failures="0" errors="0" timestamp="2021-04-04T08:52:17" hostname="SijuneLcBookPro" time="0.295">
  <properties/>
  <testcase name="hello가_리턴된다" classname="com.sijune.timing.web.HelloControllerTest" time="0.218"/>
  <testcase name="helloDto가_리턴된다" classname="com.sijune.timing.web.HelloControllerTest" time="0.076"/>
  <system-out><![CDATA[17:52:14.761 [Test worker] DEBUG org.springframework.test.context.junit4.SpringJUnit4ClassRunner - SpringJUnit4ClassRunner constructor called with [class com.sijune.timing.web.HelloControllerTest]
17:52:14.765 [Test worker] DEBUG org.springframework.test.context.BootstrapUtils - Instantiating CacheAwareContextLoaderDelegate from class [org.springframework.test.context.cache.DefaultCacheAwareContextLoaderDelegate]
17:52:14.771 [Test worker] DEBUG org.springframework.test.context.BootstrapUtils - Instantiating BootstrapContext using constructor [public org.springframework.test.context.support.DefaultBootstrapContext(java.lang.Class,org.springframework.test.context.CacheAwareContextLoaderDelegate)]
17:52:14.785 [Test worker] DEBUG org.springframework.test.context.BootstrapUtils - Instantiating TestContextBootstrapper for test class [com.sijune.timing.web.HelloControllerTest] from class [org.springframework.boot.test.autoconfigure.web.servlet.WebMvcTestContextBootstrapper]
17:52:14.798 [Test worker] INFO org.springframework.boot.test.autoconfigure.web.servlet.WebMvcTestContextBootstrapper - Neither @ContextConfiguration nor @ContextHierarchy found for test class [com.sijune.timing.web.HelloControllerTest], using SpringBootContextLoader
17:52:14.801 [Test worker] DEBUG org.springframework.test.context.support.AbstractContextLoader - Did not detect default resource location for test class [com.sijune.timing.web.HelloControllerTest]: class path resource [com/sijune/timing/web/HelloControllerTest-context.xml] does not exist
17:52:14.801 [Test worker] DEBUG org.springframework.test.context.support.AbstractContextLoader - Did not detect default resource location for test class [com.sijune.timing.web.HelloControllerTest]: class path resource [com/sijune/timing/web/HelloControllerTestContext.groovy] does not exist
17:52:14.801 [Test worker] INFO org.springframework.test.context.support.AbstractContextLoader - Could not detect default resource locations for test class [com.sijune.timing.web.HelloControllerTest]: no resource found for suffixes {-context.xml, Context.groovy}.
17:52:14.802 [Test worker] INFO org.springframework.test.context.support.AnnotationConfigContextLoaderUtils - Could not detect default configuration classes for test class [com.sijune.timing.web.HelloControllerTest]: HelloControllerTest does not declare any static, non-private, non-final, nested classes annotated with @Configuration.
17:52:14.849 [Test worker] DEBUG org.springframework.test.context.support.ActiveProfilesUtils - Could not find an 'annotation declaring class' for annotation type [org.springframework.test.context.ActiveProfiles] and class [com.sijune.timing.web.HelloControllerTest]
17:52:14.911 [Test worker] DEBUG org.springframework.context.annotation.ClassPathScanningCandidateComponentProvider - Identified candidate component class: file [/Users/sijune/IdeaProjects/timing/build/classes/java/main/com/sijune/timing/Application.class]
17:52:14.912 [Test worker] INFO org.springframework.boot.test.context.SpringBootTestContextBootstrapper - Found @SpringBootConfiguration com.sijune.timing.Application for test class com.sijune.timing.web.HelloControllerTest
17:52:14.913 [Test worker] DEBUG org.springframework.boot.test.autoconfigure.web.servlet.WebMvcTestContextBootstrapper - @TestExecutionListeners is not present for class [com.sijune.timing.web.HelloControllerTest]: using defaults.
17:52:14.914 [Test worker] INFO org.springframework.boot.test.autoconfigure.web.servlet.WebMvcTestContextBootstrapper - Loaded default TestExecutionListener class names from location [META-INF/spring.factories]: [org.springframework.security.test.context.support.WithSecurityContextTestExecutionListener, org.springframework.security.test.context.support.ReactorContextTestExecutionListener, org.springframework.boot.test.autoconfigure.restdocs.RestDocsTestExecutionListener, org.springframework.boot.test.autoconfigure.web.client.MockRestServiceServerResetTestExecutionListener, org.springframework.boot.test.autoconfigure.web.servlet.MockMvcPrintOnlyOnFailureTestExecutionListener, org.springframework.boot.test.autoconfigure.web.servlet.WebDriverTestExecutionListener, org.springframework.boot.test.mock.mockito.MockitoTestExecutionListener, org.springframework.boot.test.mock.mockito.ResetMocksTestExecutionListener, org.springframework.test.context.web.ServletTestExecutionListener, org.springframework.test.context.support.DirtiesContextBeforeModesTestExecutionListener, org.springframework.test.context.support.DependencyInjectionTestExecutionListener, org.springframework.test.context.support.DirtiesContextTestExecutionListener, org.springframework.test.context.transaction.TransactionalTestExecutionListener, org.springframework.test.context.jdbc.SqlScriptsTestExecutionListener]
17:52:14.939 [Test worker] INFO org.springframework.boot.test.autoconfigure.web.servlet.WebMvcTestContextBootstrapper - Using TestExecutionListeners: [org.springframework.test.context.web.ServletTestExecutionListener@5f9ef302, org.springframework.test.context.support.DirtiesContextBeforeModesTestExecutionListener@2c7b5f63, org.springframework.boot.test.mock.mockito.MockitoTestExecutionListener@6ec6312c, org.springframework.boot.test.autoconfigure.SpringBootDependencyInjectionTestExecutionListener@48f63deb, org.springframework.test.context.support.DirtiesContextTestExecutionListener@60d8d114, org.springframework.test.context.transaction.TransactionalTestExecutionListener@16ae1a2b, org.springframework.test.context.jdbc.SqlScriptsTestExecutionListener@493e1683, org.springframework.security.test.context.support.WithSecurityContextTestExecutionListener@30de632a, org.springframework.security.test.context.support.ReactorContextTestExecutionListener@16285454, org.springframework.boot.test.autoconfigure.restdocs.RestDocsTestExecutionListener@70b16bf8, org.springframework.boot.test.autoconfigure.web.client.MockRestServiceServerResetTestExecutionListener@4982f163, org.springframework.boot.test.autoconfigure.web.servlet.MockMvcPrintOnlyOnFailureTestExecutionListener@a060c4a, org.springframework.boot.test.autoconfigure.web.servlet.WebDriverTestExecutionListener@5ed873aa, org.springframework.boot.test.mock.mockito.ResetMocksTestExecutionListener@254d3d22]
17:52:14.940 [Test worker] DEBUG org.springframework.test.annotation.ProfileValueUtils - Retrieved @ProfileValueSourceConfiguration [null] for test class [com.sijune.timing.web.HelloControllerTest]
17:52:14.940 [Test worker] DEBUG org.springframework.test.annotation.ProfileValueUtils - Retrieved ProfileValueSource type [class org.springframework.test.annotation.SystemProfileValueSource] for class [com.sijune.timing.web.HelloControllerTest]
17:52:14.941 [Test worker] DEBUG org.springframework.test.annotation.ProfileValueUtils - Retrieved @ProfileValueSourceConfiguration [null] for test class [com.sijune.timing.web.HelloControllerTest]
17:52:14.941 [Test worker] DEBUG org.springframework.test.annotation.ProfileValueUtils - Retrieved ProfileValueSource type [class org.springframework.test.annotation.SystemProfileValueSource] for class [com.sijune.timing.web.HelloControllerTest]
17:52:14.944 [Test worker] DEBUG org.springframework.test.context.support.AbstractDirtiesContextTestExecutionListener - Before test class: context [DefaultTestContext@1ca7aa28 testClass = HelloControllerTest, testInstance = [null], testMethod = [null], testException = [null], mergedContextConfiguration = [WebMergedContextConfiguration@2723c2aa testClass = HelloControllerTest, locations = '{}', classes = '{class com.sijune.timing.Application}', contextInitializerClasses = '[]', activeProfiles = '{}', propertySourceLocations = '{}', propertySourceProperties = '{org.springframework.boot.test.autoconfigure.web.servlet.WebMvcTestContextBootstrapper=true}', contextCustomizers = set[org.springframework.boot.test.autoconfigure.OverrideAutoConfigurationContextCustomizerFactory$DisableAutoConfigurationContextCustomizer@3dca7438, org.springframework.boot.test.autoconfigure.filter.TypeExcludeFiltersContextCustomizer@998771ef, org.springframework.boot.test.autoconfigure.properties.PropertyMappingContextCustomizer@e21de9f9, org.springframework.boot.test.autoconfigure.web.servlet.WebDriverContextCustomizerFactory$Customizer@5272616d, [ImportsContextCustomizer@3b1f11ab key = [org.springframework.boot.autoconfigure.cache.CacheAutoConfiguration, org.springframework.boot.autoconfigure.context.MessageSourceAutoConfiguration, org.springframework.boot.autoconfigure.data.web.SpringDataWebAutoConfiguration, org.springframework.boot.autoconfigure.freemarker.FreeMarkerAutoConfiguration, org.springframework.boot.autoconfigure.groovy.template.GroovyTemplateAutoConfiguration, org.springframework.boot.autoconfigure.gson.GsonAutoConfiguration, org.springframework.boot.autoconfigure.hateoas.HypermediaAutoConfiguration, org.springframework.boot.autoconfigure.http.HttpMessageConvertersAutoConfiguration, org.springframework.boot.autoconfigure.jackson.JacksonAutoConfiguration, org.springframework.boot.autoconfigure.jsonb.JsonbAutoConfiguration, org.springframework.boot.autoconfigure.mustache.MustacheAutoConfiguration, org.springframework.boot.autoconfigure.task.TaskExecutionAutoConfiguration, org.springframework.boot.autoconfigure.thymeleaf.ThymeleafAutoConfiguration, org.springframework.boot.autoconfigure.validation.ValidationAutoConfiguration, org.springframework.boot.autoconfigure.web.servlet.error.ErrorMvcAutoConfiguration, org.springframework.boot.autoconfigure.web.servlet.WebMvcAutoConfiguration, org.springframework.boot.test.autoconfigure.web.servlet.MockMvcAutoConfiguration, org.springframework.boot.test.autoconfigure.web.servlet.MockMvcSecurityAutoConfiguration, org.springframework.boot.test.autoconfigure.web.servlet.MockMvcWebClientAutoConfiguration, org.springframework.boot.test.autoconfigure.web.servlet.MockMvcWebDriverAutoConfiguration]], org.springframework.boot.test.context.filter.ExcludeFilterContextCustomizer@68b5da5c, org.springframework.boot.test.json.DuplicateJsonObjectContextCustomizerFactory$DuplicateJsonObjectContextCustomizer@18ea9826, org.springframework.boot.test.mock.mockito.MockitoContextCustomizer@0], resourceBasePath = 'src/main/webapp', contextLoader = 'org.springframework.boot.test.context.SpringBootContextLoader', parent = [null]], attributes = map[[empty]]], class annotated with @DirtiesContext [false] with mode [null].
17:52:14.944 [Test worker] DEBUG org.springframework.test.annotation.ProfileValueUtils - Retrieved @ProfileValueSourceConfiguration [null] for test class [com.sijune.timing.web.HelloControllerTest]
17:52:14.944 [Test worker] DEBUG org.springframework.test.annotation.ProfileValueUtils - Retrieved ProfileValueSource type [class org.springframework.test.annotation.SystemProfileValueSource] for class [com.sijune.timing.web.HelloControllerTest]
17:52:14.947 [Test worker] DEBUG org.springframework.test.context.support.DependencyInjectionTestExecutionListener - Performing dependency injection for test context [[DefaultTestContext@1ca7aa28 testClass = HelloControllerTest, testInstance = com.sijune.timing.web.HelloControllerTest@69c3fb43, testMethod = [null], testException = [null], mergedContextConfiguration = [WebMergedContextConfiguration@2723c2aa testClass = HelloControllerTest, locations = '{}', classes = '{class com.sijune.timing.Application}', contextInitializerClasses = '[]', activeProfiles = '{}', propertySourceLocations = '{}', propertySourceProperties = '{org.springframework.boot.test.autoconfigure.web.servlet.WebMvcTestContextBootstrapper=true}', contextCustomizers = set[org.springframework.boot.test.autoconfigure.OverrideAutoConfigurationContextCustomizerFactory$DisableAutoConfigurationContextCustomizer@3dca7438, org.springframework.boot.test.autoconfigure.filter.TypeExcludeFiltersContextCustomizer@998771ef, org.springframework.boot.test.autoconfigure.properties.PropertyMappingContextCustomizer@e21de9f9, org.springframework.boot.test.autoconfigure.web.servlet.WebDriverContextCustomizerFactory$Customizer@5272616d, [ImportsContextCustomizer@3b1f11ab key = [org.springframework.boot.autoconfigure.cache.CacheAutoConfiguration, org.springframework.boot.autoconfigure.context.MessageSourceAutoConfiguration, org.springframework.boot.autoconfigure.data.web.SpringDataWebAutoConfiguration, org.springframework.boot.autoconfigure.freemarker.FreeMarkerAutoConfiguration, org.springframework.boot.autoconfigure.groovy.template.GroovyTemplateAutoConfiguration, org.springframework.boot.autoconfigure.gson.GsonAutoConfiguration, org.springframework.boot.autoconfigure.hateoas.HypermediaAutoConfiguration, org.springframework.boot.autoconfigure.http.HttpMessageConvertersAutoConfiguration, org.springframework.boot.autoconfigure.jackson.JacksonAutoConfiguration, org.springframework.boot.autoconfigure.jsonb.JsonbAutoConfiguration, org.springframework.boot.autoconfigure.mustache.MustacheAutoConfiguration, org.springframework.boot.autoconfigure.task.TaskExecutionAutoConfiguration, org.springframework.boot.autoconfigure.thymeleaf.ThymeleafAutoConfiguration, org.springframework.boot.autoconfigure.validation.ValidationAutoConfiguration, org.springframework.boot.autoconfigure.web.servlet.error.ErrorMvcAutoConfiguration, org.springframework.boot.autoconfigure.web.servlet.WebMvcAutoConfiguration, org.springframework.boot.test.autoconfigure.web.servlet.MockMvcAutoConfiguration, org.springframework.boot.test.autoconfigure.web.servlet.MockMvcSecurityAutoConfiguration, org.springframework.boot.test.autoconfigure.web.servlet.MockMvcWebClientAutoConfiguration, org.springframework.boot.test.autoconfigure.web.servlet.MockMvcWebDriverAutoConfiguration]], org.springframework.boot.test.context.filter.ExcludeFilterContextCustomizer@68b5da5c, org.springframework.boot.test.json.DuplicateJsonObjectContextCustomizerFactory$DuplicateJsonObjectContextCustomizer@18ea9826, org.springframework.boot.test.mock.mockito.MockitoContextCustomizer@0], resourceBasePath = 'src/main/webapp', contextLoader = 'org.springframework.boot.test.context.SpringBootContextLoader', parent = [null]], attributes = map[[empty]]]].
17:52:15.035 [Test worker] DEBUG org.springframework.test.context.support.TestPropertySourceUtils - Adding inlined properties to environment: {spring.jmx.enabled=false, org.springframework.boot.test.autoconfigure.web.servlet.WebMvcTestContextBootstrapper=true, server.port=-1}

  .   ____          _            __ _ _
 /\\ / ___'_ __ _ _(_)_ __  __ _ \ \ \ \
( ( )\___ | '_ | '_| | '_ \/ _` | \ \ \ \
 \\/  ___)| |_)| | | | | || (_| |  ) ) ) )
  '  |____| .__|_| |_|_| |_\__, | / / / /
 =========|_|==============|___/=/_/_/_/
 :: Spring Boot ::        (v2.1.7.RELEASE)

2021-04-04 17:52:15.399  INFO 60963 --- [    Test worker] c.sijune.timing.web.HelloControllerTest  : Starting HelloControllerTest on SijuneLcBookPro with PID 60963 (started by sijune in /Users/sijune/IdeaProjects/timing)
2021-04-04 17:52:15.401  INFO 60963 --- [    Test worker] c.sijune.timing.web.HelloControllerTest  : No active profile set, falling back to default profiles: default
2021-04-04 17:52:16.749  INFO 60963 --- [    Test worker] o.s.s.concurrent.ThreadPoolTaskExecutor  : Initializing ExecutorService 'applicationTaskExecutor'
2021-04-04 17:52:16.829  INFO 60963 --- [    Test worker] o.s.b.a.w.s.WelcomePageHandlerMapping    : Adding welcome page template: index
2021-04-04 17:52:17.154  INFO 60963 --- [    Test worker] .s.s.UserDetailsServiceAutoConfiguration : 

Using generated security password: bc8e8967-e886-4e05-9b35-5dc8b02c8a7f

2021-04-04 17:52:17.340  INFO 60963 --- [    Test worker] o.s.s.web.DefaultSecurityFilterChain     : Creating filter chain: any request, [org.springframework.security.web.context.request.async.WebAsyncManagerIntegrationFilter@72b18818, org.springframework.security.web.context.SecurityContextPersistenceFilter@652097a1, org.springframework.security.web.header.HeaderWriterFilter@2cd624fe, org.springframework.security.web.csrf.CsrfFilter@88a8b8d, org.springframework.security.web.authentication.logout.LogoutFilter@65cdd21, org.springframework.security.web.authentication.UsernamePasswordAuthenticationFilter@14977f3e, org.springframework.security.web.authentication.ui.DefaultLoginPageGeneratingFilter@513a659, org.springframework.security.web.authentication.ui.DefaultLogoutPageGeneratingFilter@5da6811d, org.springframework.security.web.authentication.www.BasicAuthenticationFilter@778f4e73, org.springframework.security.web.savedrequest.RequestCacheAwareFilter@c942f29, org.springframework.security.web.servletapi.SecurityContextHolderAwareRequestFilter@1d5181a9, org.springframework.security.web.authentication.AnonymousAuthenticationFilter@1c9637d7, org.springframework.security.web.session.SessionManagementFilter@3879d286, org.springframework.security.web.access.ExceptionTranslationFilter@7eecb843, org.springframework.security.web.access.intercept.FilterSecurityInterceptor@1035dd0f]
2021-04-04 17:52:17.383  INFO 60963 --- [    Test worker] o.s.b.t.m.w.SpringBootMockServletContext : Initializing Spring TestDispatcherServlet ''
2021-04-04 17:52:17.383  INFO 60963 --- [    Test worker] o.s.t.web.servlet.TestDispatcherServlet  : Initializing Servlet ''
2021-04-04 17:52:17.399  INFO 60963 --- [    Test worker] o.s.t.web.servlet.TestDispatcherServlet  : Completed initialization in 16 ms
2021-04-04 17:52:17.450  INFO 60963 --- [    Test worker] c.sijune.timing.web.HelloControllerTest  : Started HelloControllerTest in 2.409 seconds (JVM running for 3.207)
]]></system-out>
  <system-err><![CDATA[]]></system-err>
</testsuite>
