<?xml version="1.0" encoding="UTF-8"?>
<testsuite name="com.sijune.timing.domain.posts.PostsRepositoryTest" tests="1" skipped="0" failures="0" errors="0" timestamp="2021-04-04T08:52:23" hostname="SijuneLcBookPro" time="0.022">
  <properties/>
  <testcase name="게시글저장_블러오기" classname="com.sijune.timing.domain.posts.PostsRepositoryTest" time="0.022"/>
  <system-out><![CDATA[2021-04-04 17:52:22.233  INFO 60963 --- [    Test worker] .b.t.c.SpringBootTestContextBootstrapper : Neither @ContextConfiguration nor @ContextHierarchy found for test class [com.sijune.timing.domain.posts.PostsRepositoryTest], using SpringBootContextLoader
2021-04-04 17:52:22.233  INFO 60963 --- [    Test worker] o.s.t.c.support.AbstractContextLoader    : Could not detect default resource locations for test class [com.sijune.timing.domain.posts.PostsRepositoryTest]: no resource found for suffixes {-context.xml, Context.groovy}.
2021-04-04 17:52:22.234  INFO 60963 --- [    Test worker] t.c.s.AnnotationConfigContextLoaderUtils : Could not detect default configuration classes for test class [com.sijune.timing.domain.posts.PostsRepositoryTest]: PostsRepositoryTest does not declare any static, non-private, non-final, nested classes annotated with @Configuration.
2021-04-04 17:52:22.239  INFO 60963 --- [    Test worker] .b.t.c.SpringBootTestContextBootstrapper : Found @SpringBootConfiguration com.sijune.timing.Application for test class com.sijune.timing.domain.posts.PostsRepositoryTest
2021-04-04 17:52:22.241  INFO 60963 --- [    Test worker] .b.t.c.SpringBootTestContextBootstrapper : Loaded default TestExecutionListener class names from location [META-INF/spring.factories]: [org.springframework.security.test.context.support.WithSecurityContextTestExecutionListener, org.springframework.security.test.context.support.ReactorContextTestExecutionListener, org.springframework.boot.test.autoconfigure.restdocs.RestDocsTestExecutionListener, org.springframework.boot.test.autoconfigure.web.client.MockRestServiceServerResetTestExecutionListener, org.springframework.boot.test.autoconfigure.web.servlet.MockMvcPrintOnlyOnFailureTestExecutionListener, org.springframework.boot.test.autoconfigure.web.servlet.WebDriverTestExecutionListener, org.springframework.boot.test.mock.mockito.MockitoTestExecutionListener, org.springframework.boot.test.mock.mockito.ResetMocksTestExecutionListener, org.springframework.test.context.web.ServletTestExecutionListener, org.springframework.test.context.support.DirtiesContextBeforeModesTestExecutionListener, org.springframework.test.context.support.DependencyInjectionTestExecutionListener, org.springframework.test.context.support.DirtiesContextTestExecutionListener, org.springframework.test.context.transaction.TransactionalTestExecutionListener, org.springframework.test.context.jdbc.SqlScriptsTestExecutionListener]
2021-04-04 17:52:22.241  INFO 60963 --- [    Test worker] .b.t.c.SpringBootTestContextBootstrapper : Using TestExecutionListeners: [org.springframework.test.context.web.ServletTestExecutionListener@7cca6f68, org.springframework.test.context.support.DirtiesContextBeforeModesTestExecutionListener@398acc7b, org.springframework.boot.test.mock.mockito.MockitoTestExecutionListener@19e3ef6a, org.springframework.boot.test.autoconfigure.SpringBootDependencyInjectionTestExecutionListener@43222cc6, org.springframework.test.context.support.DirtiesContextTestExecutionListener@6c3caae5, org.springframework.test.context.transaction.TransactionalTestExecutionListener@33a5a0d, org.springframework.test.context.jdbc.SqlScriptsTestExecutionListener@5a46dbf, org.springframework.security.test.context.support.WithSecurityContextTestExecutionListener@573225d1, org.springframework.security.test.context.support.ReactorContextTestExecutionListener@5ed0c650, org.springframework.boot.test.autoconfigure.restdocs.RestDocsTestExecutionListener@f6b05b5, org.springframework.boot.test.autoconfigure.web.client.MockRestServiceServerResetTestExecutionListener@29044872, org.springframework.boot.test.autoconfigure.web.servlet.MockMvcPrintOnlyOnFailureTestExecutionListener@6fdefc2e, org.springframework.boot.test.autoconfigure.web.servlet.WebDriverTestExecutionListener@376445c3, org.springframework.boot.test.mock.mockito.ResetMocksTestExecutionListener@60f5b837]

  .   ____          _            __ _ _
 /\\ / ___'_ __ _ _(_)_ __  __ _ \ \ \ \
( ( )\___ | '_ | '_| | '_ \/ _` | \ \ \ \
 \\/  ___)| |_)| | | | | || (_| |  ) ) ) )
  '  |____| .__|_| |_|_| |_\__, | / / / /
 =========|_|==============|___/=/_/_/_/
 :: Spring Boot ::        (v2.1.7.RELEASE)

2021-04-04 17:52:22.263  INFO 60963 --- [    Test worker] c.s.t.domain.posts.PostsRepositoryTest   : Starting PostsRepositoryTest on SijuneLcBookPro with PID 60963 (started by sijune in /Users/sijune/IdeaProjects/timing)
2021-04-04 17:52:22.263  INFO 60963 --- [    Test worker] c.s.t.domain.posts.PostsRepositoryTest   : No active profile set, falling back to default profiles: default
2021-04-04 17:52:22.401  INFO 60963 --- [    Test worker] .s.d.r.c.RepositoryConfigurationDelegate : Bootstrapping Spring Data repositories in DEFAULT mode.
2021-04-04 17:52:22.414  INFO 60963 --- [    Test worker] .s.d.r.c.RepositoryConfigurationDelegate : Finished Spring Data repository scanning in 13ms. Found 2 repository interfaces.
2021-04-04 17:52:22.497  INFO 60963 --- [    Test worker] trationDelegate$BeanPostProcessorChecker : Bean 'org.springframework.transaction.annotation.ProxyTransactionManagementConfiguration' of type [org.springframework.transaction.annotation.ProxyTransactionManagementConfiguration$$EnhancerBySpringCGLIB$$9aa9a22b] is not eligible for getting processed by all BeanPostProcessors (for example: not eligible for auto-proxying)
2021-04-04 17:52:22.567  INFO 60963 --- [    Test worker] com.zaxxer.hikari.HikariDataSource       : HikariPool-2 - Starting...
2021-04-04 17:52:22.568  INFO 60963 --- [    Test worker] com.zaxxer.hikari.HikariDataSource       : HikariPool-2 - Start completed.
2021-04-04 17:52:22.584  INFO 60963 --- [    Test worker] o.hibernate.jpa.internal.util.LogHelper  : HHH000204: Processing PersistenceUnitInfo [
	name: default
	...]
2021-04-04 17:52:22.589  INFO 60963 --- [    Test worker] org.hibernate.dialect.Dialect            : HHH000400: Using dialect: org.hibernate.dialect.MySQL5InnoDBDialect
Hibernate: drop table if exists posts
Hibernate: drop table if exists user
Hibernate: create table posts (id bigint not null auto_increment, create_date datetime, modified_date datetime, author varchar(255), content TEXT not null, title varchar(500) not null, primary key (id)) engine=InnoDB
Hibernate: create table user (id bigint not null auto_increment, create_date datetime, modified_date datetime, email varchar(255) not null, name varchar(255) not null, picture varchar(255), role varchar(255) not null, primary key (id)) engine=InnoDB
2021-04-04 17:52:22.626  INFO 60963 --- [    Test worker] o.h.t.schema.internal.SchemaCreatorImpl  : HHH000476: Executing import script 'org.hibernate.tool.schema.internal.exec.ScriptSourceInputNonExistentImpl@19282eb4'
2021-04-04 17:52:22.626  INFO 60963 --- [    Test worker] j.LocalContainerEntityManagerFactoryBean : Initialized JPA EntityManagerFactory for persistence unit 'default'
2021-04-04 17:52:22.753  INFO 60963 --- [    Test worker] o.h.h.i.QueryTranslatorFactoryInitiator  : HHH000397: Using ASTQueryTranslatorFactory
2021-04-04 17:52:22.861  INFO 60963 --- [    Test worker] o.s.s.web.DefaultSecurityFilterChain     : Creating filter chain: any request, [org.springframework.security.web.context.request.async.WebAsyncManagerIntegrationFilter@6410f317, org.springframework.security.web.context.SecurityContextPersistenceFilter@4dbf4a76, org.springframework.security.web.header.HeaderWriterFilter@70d6deb7, org.springframework.security.web.authentication.logout.LogoutFilter@75f06c99, org.springframework.security.oauth2.client.web.OAuth2AuthorizationRequestRedirectFilter@3059a996, org.springframework.security.oauth2.client.web.OAuth2LoginAuthenticationFilter@551b4c76, org.springframework.security.web.authentication.ui.DefaultLoginPageGeneratingFilter@42ab6240, org.springframework.security.web.authentication.ui.DefaultLogoutPageGeneratingFilter@56e5a6fe, org.springframework.security.web.savedrequest.RequestCacheAwareFilter@22fd89d1, org.springframework.security.web.servletapi.SecurityContextHolderAwareRequestFilter@6418c85f, org.springframework.security.web.authentication.AnonymousAuthenticationFilter@2b8db0ad, org.springframework.security.web.session.SessionManagementFilter@6048dbbf, org.springframework.security.web.access.ExceptionTranslationFilter@7dd25ff7, org.springframework.security.web.access.intercept.FilterSecurityInterceptor@37f0a6e5]
2021-04-04 17:52:23.072  INFO 60963 --- [    Test worker] o.s.s.concurrent.ThreadPoolTaskExecutor  : Initializing ExecutorService 'applicationTaskExecutor'
2021-04-04 17:52:23.082  WARN 60963 --- [    Test worker] aWebConfiguration$JpaWebMvcConfiguration : spring.jpa.open-in-view is enabled by default. Therefore, database queries may be performed during view rendering. Explicitly configure spring.jpa.open-in-view to disable this warning
2021-04-04 17:52:23.104  INFO 60963 --- [    Test worker] o.s.b.a.w.s.WelcomePageHandlerMapping    : Adding welcome page template: index
2021-04-04 17:52:23.474  INFO 60963 --- [    Test worker] s.a.ScheduledAnnotationBeanPostProcessor : No TaskScheduler/ScheduledExecutorService bean found for scheduled processing
2021-04-04 17:52:23.475  INFO 60963 --- [    Test worker] c.s.t.domain.posts.PostsRepositoryTest   : Started PostsRepositoryTest in 1.232 seconds (JVM running for 9.232)
Hibernate: insert into posts (create_date, modified_date, author, content, title) values (?, ?, ?, ?, ?)
Hibernate: select posts0_.id as id1_0_, posts0_.create_date as create_d2_0_, posts0_.modified_date as modified3_0_, posts0_.author as author4_0_, posts0_.content as content5_0_, posts0_.title as title6_0_ from posts posts0_
Hibernate: select posts0_.id as id1_0_, posts0_.create_date as create_d2_0_, posts0_.modified_date as modified3_0_, posts0_.author as author4_0_, posts0_.content as content5_0_, posts0_.title as title6_0_ from posts posts0_
Hibernate: delete from posts where id=?
]]></system-out>
  <system-err><![CDATA[]]></system-err>
</testsuite>
