<?xml version="1.0" encoding="UTF-8"?>
<testsuite name="com.sijune.timing.web.IndexControllerTest" tests="1" skipped="0" failures="0" errors="0" timestamp="2021-04-04T08:52:21" hostname="SijuneLcBookPro" time="0.199">
  <properties/>
  <testcase name="메인페이지_로딩" classname="com.sijune.timing.web.IndexControllerTest" time="0.199"/>
  <system-out><![CDATA[2021-04-04 17:52:17.757  INFO 60963 --- [    Test worker] .b.t.c.SpringBootTestContextBootstrapper : Neither @ContextConfiguration nor @ContextHierarchy found for test class [com.sijune.timing.web.IndexControllerTest], using SpringBootContextLoader
2021-04-04 17:52:17.758  INFO 60963 --- [    Test worker] o.s.t.c.support.AbstractContextLoader    : Could not detect default resource locations for test class [com.sijune.timing.web.IndexControllerTest]: no resource found for suffixes {-context.xml, Context.groovy}.
2021-04-04 17:52:17.759  INFO 60963 --- [    Test worker] t.c.s.AnnotationConfigContextLoaderUtils : Could not detect default configuration classes for test class [com.sijune.timing.web.IndexControllerTest]: IndexControllerTest does not declare any static, non-private, non-final, nested classes annotated with @Configuration.
2021-04-04 17:52:17.761  INFO 60963 --- [    Test worker] .b.t.c.SpringBootTestContextBootstrapper : Found @SpringBootConfiguration com.sijune.timing.Application for test class com.sijune.timing.web.IndexControllerTest
2021-04-04 17:52:17.763  INFO 60963 --- [    Test worker] .b.t.c.SpringBootTestContextBootstrapper : Loaded default TestExecutionListener class names from location [META-INF/spring.factories]: [org.springframework.security.test.context.support.WithSecurityContextTestExecutionListener, org.springframework.security.test.context.support.ReactorContextTestExecutionListener, org.springframework.boot.test.autoconfigure.restdocs.RestDocsTestExecutionListener, org.springframework.boot.test.autoconfigure.web.client.MockRestServiceServerResetTestExecutionListener, org.springframework.boot.test.autoconfigure.web.servlet.MockMvcPrintOnlyOnFailureTestExecutionListener, org.springframework.boot.test.autoconfigure.web.servlet.WebDriverTestExecutionListener, org.springframework.boot.test.mock.mockito.MockitoTestExecutionListener, org.springframework.boot.test.mock.mockito.ResetMocksTestExecutionListener, org.springframework.test.context.web.ServletTestExecutionListener, org.springframework.test.context.support.DirtiesContextBeforeModesTestExecutionListener, org.springframework.test.context.support.DependencyInjectionTestExecutionListener, org.springframework.test.context.support.DirtiesContextTestExecutionListener, org.springframework.test.context.transaction.TransactionalTestExecutionListener, org.springframework.test.context.jdbc.SqlScriptsTestExecutionListener]
2021-04-04 17:52:17.765  INFO 60963 --- [    Test worker] .b.t.c.SpringBootTestContextBootstrapper : Using TestExecutionListeners: [org.springframework.test.context.web.ServletTestExecutionListener@4e525019, org.springframework.test.context.support.DirtiesContextBeforeModesTestExecutionListener@7513a8b1, org.springframework.boot.test.mock.mockito.MockitoTestExecutionListener@749028d, org.springframework.boot.test.autoconfigure.SpringBootDependencyInjectionTestExecutionListener@362f8fbb, org.springframework.test.context.support.DirtiesContextTestExecutionListener@6a21c3ff, org.springframework.test.context.transaction.TransactionalTestExecutionListener@21fa82a, org.springframework.test.context.jdbc.SqlScriptsTestExecutionListener@4d8d8f8e, org.springframework.security.test.context.support.WithSecurityContextTestExecutionListener@79583d3, org.springframework.security.test.context.support.ReactorContextTestExecutionListener@634f86e5, org.springframework.boot.test.autoconfigure.restdocs.RestDocsTestExecutionListener@1c6e3c5e, org.springframework.boot.test.autoconfigure.web.client.MockRestServiceServerResetTestExecutionListener@3dbe21a2, org.springframework.boot.test.autoconfigure.web.servlet.MockMvcPrintOnlyOnFailureTestExecutionListener@169ea6dd, org.springframework.boot.test.autoconfigure.web.servlet.WebDriverTestExecutionListener@9797245, org.springframework.boot.test.mock.mockito.ResetMocksTestExecutionListener@641823f8]

  .   ____          _            __ _ _
 /\\ / ___'_ __ _ _(_)_ __  __ _ \ \ \ \
( ( )\___ | '_ | '_| | '_ \/ _` | \ \ \ \
 \\/  ___)| |_)| | | | | || (_| |  ) ) ) )
  '  |____| .__|_| |_|_| |_\__, | / / / /
 =========|_|==============|___/=/_/_/_/
 :: Spring Boot ::        (v2.1.7.RELEASE)

2021-04-04 17:52:17.806  INFO 60963 --- [    Test worker] c.sijune.timing.web.IndexControllerTest  : Starting IndexControllerTest on SijuneLcBookPro with PID 60963 (started by sijune in /Users/sijune/IdeaProjects/timing)
2021-04-04 17:52:17.807  INFO 60963 --- [    Test worker] c.sijune.timing.web.IndexControllerTest  : No active profile set, falling back to default profiles: default
2021-04-04 17:52:18.347  INFO 60963 --- [    Test worker] .s.d.r.c.RepositoryConfigurationDelegate : Bootstrapping Spring Data repositories in DEFAULT mode.
2021-04-04 17:52:18.426  INFO 60963 --- [    Test worker] .s.d.r.c.RepositoryConfigurationDelegate : Finished Spring Data repository scanning in 70ms. Found 2 repository interfaces.
2021-04-04 17:52:18.717  INFO 60963 --- [    Test worker] trationDelegate$BeanPostProcessorChecker : Bean 'org.springframework.transaction.annotation.ProxyTransactionManagementConfiguration' of type [org.springframework.transaction.annotation.ProxyTransactionManagementConfiguration$$EnhancerBySpringCGLIB$$9aa9a22b] is not eligible for getting processed by all BeanPostProcessors (for example: not eligible for auto-proxying)
2021-04-04 17:52:18.951  INFO 60963 --- [    Test worker] o.s.b.w.embedded.tomcat.TomcatWebServer  : Tomcat initialized with port(s): 0 (http)
2021-04-04 17:52:18.969  INFO 60963 --- [    Test worker] o.apache.catalina.core.StandardService   : Starting service [Tomcat]
2021-04-04 17:52:18.969  INFO 60963 --- [    Test worker] org.apache.catalina.core.StandardEngine  : Starting Servlet engine: [Apache Tomcat/9.0.22]
2021-04-04 17:52:19.054  INFO 60963 --- [    Test worker] o.a.c.c.C.[Tomcat].[localhost].[/]       : Initializing Spring embedded WebApplicationContext
2021-04-04 17:52:19.054  INFO 60963 --- [    Test worker] o.s.web.context.ContextLoader            : Root WebApplicationContext: initialization completed in 1244 ms
2021-04-04 17:52:19.254  INFO 60963 --- [    Test worker] com.zaxxer.hikari.HikariDataSource       : HikariPool-1 - Starting...
2021-04-04 17:52:19.393  INFO 60963 --- [    Test worker] com.zaxxer.hikari.HikariDataSource       : HikariPool-1 - Start completed.
2021-04-04 17:52:19.475  INFO 60963 --- [    Test worker] o.hibernate.jpa.internal.util.LogHelper  : HHH000204: Processing PersistenceUnitInfo [
	name: default
	...]
2021-04-04 17:52:19.540  INFO 60963 --- [    Test worker] org.hibernate.Version                    : HHH000412: Hibernate Core {5.3.10.Final}
2021-04-04 17:52:19.542  INFO 60963 --- [    Test worker] org.hibernate.cfg.Environment            : HHH000206: hibernate.properties not found
2021-04-04 17:52:19.590  INFO 60963 --- [    Test worker] o.hibernate.annotations.common.Version   : HCANN000001: Hibernate Commons Annotations {5.0.4.Final}
2021-04-04 17:52:19.743  INFO 60963 --- [    Test worker] org.hibernate.dialect.Dialect            : HHH000400: Using dialect: org.hibernate.dialect.MySQL5InnoDBDialect
Hibernate: drop table if exists posts
Hibernate: drop table if exists user
Hibernate: create table posts (id bigint not null auto_increment, create_date datetime, modified_date datetime, author varchar(255), content TEXT not null, title varchar(500) not null, primary key (id)) engine=InnoDB
Hibernate: create table user (id bigint not null auto_increment, create_date datetime, modified_date datetime, email varchar(255) not null, name varchar(255) not null, picture varchar(255), role varchar(255) not null, primary key (id)) engine=InnoDB
2021-04-04 17:52:20.483  INFO 60963 --- [    Test worker] o.h.t.schema.internal.SchemaCreatorImpl  : HHH000476: Executing import script 'org.hibernate.tool.schema.internal.exec.ScriptSourceInputNonExistentImpl@19282eb4'
2021-04-04 17:52:20.486  INFO 60963 --- [    Test worker] j.LocalContainerEntityManagerFactoryBean : Initialized JPA EntityManagerFactory for persistence unit 'default'
2021-04-04 17:52:21.073  INFO 60963 --- [    Test worker] o.h.h.i.QueryTranslatorFactoryInitiator  : HHH000397: Using ASTQueryTranslatorFactory
2021-04-04 17:52:21.309  INFO 60963 --- [    Test worker] o.s.s.web.DefaultSecurityFilterChain     : Creating filter chain: any request, [org.springframework.security.web.context.request.async.WebAsyncManagerIntegrationFilter@201ed2a9, org.springframework.security.web.context.SecurityContextPersistenceFilter@49cd5524, org.springframework.security.web.header.HeaderWriterFilter@5a91f37b, org.springframework.security.web.authentication.logout.LogoutFilter@50b8367a, org.springframework.security.oauth2.client.web.OAuth2AuthorizationRequestRedirectFilter@740dac1e, org.springframework.security.oauth2.client.web.OAuth2LoginAuthenticationFilter@188374af, org.springframework.security.web.authentication.ui.DefaultLoginPageGeneratingFilter@73ff2954, org.springframework.security.web.authentication.ui.DefaultLogoutPageGeneratingFilter@47245626, org.springframework.security.web.savedrequest.RequestCacheAwareFilter@6311c329, org.springframework.security.web.servletapi.SecurityContextHolderAwareRequestFilter@364eee1b, org.springframework.security.web.authentication.AnonymousAuthenticationFilter@44017461, org.springframework.security.web.session.SessionManagementFilter@899adb3, org.springframework.security.web.access.ExceptionTranslationFilter@4efc815d, org.springframework.security.web.access.intercept.FilterSecurityInterceptor@305693a6]
2021-04-04 17:52:21.461  INFO 60963 --- [    Test worker] o.s.s.concurrent.ThreadPoolTaskExecutor  : Initializing ExecutorService 'applicationTaskExecutor'
2021-04-04 17:52:21.476  WARN 60963 --- [    Test worker] aWebConfiguration$JpaWebMvcConfiguration : spring.jpa.open-in-view is enabled by default. Therefore, database queries may be performed during view rendering. Explicitly configure spring.jpa.open-in-view to disable this warning
2021-04-04 17:52:21.511  INFO 60963 --- [    Test worker] o.s.b.a.w.s.WelcomePageHandlerMapping    : Adding welcome page template: index
2021-04-04 17:52:21.809  INFO 60963 --- [    Test worker] s.a.ScheduledAnnotationBeanPostProcessor : No TaskScheduler/ScheduledExecutorService bean found for scheduled processing
2021-04-04 17:52:21.832  INFO 60963 --- [    Test worker] o.s.b.w.embedded.tomcat.TomcatWebServer  : Tomcat started on port(s): 49322 (http) with context path ''
2021-04-04 17:52:21.833  INFO 60963 --- [    Test worker] c.sijune.timing.web.IndexControllerTest  : Started IndexControllerTest in 4.066 seconds (JVM running for 7.589)
2021-04-04 17:52:21.920  INFO 60963 --- [o-auto-1-exec-1] o.a.c.c.C.[Tomcat].[localhost].[/]       : Initializing Spring DispatcherServlet 'dispatcherServlet'
2021-04-04 17:52:21.920  INFO 60963 --- [o-auto-1-exec-1] o.s.web.servlet.DispatcherServlet        : Initializing Servlet 'dispatcherServlet'
2021-04-04 17:52:21.937  INFO 60963 --- [o-auto-1-exec-1] o.s.web.servlet.DispatcherServlet        : Completed initialization in 17 ms
Hibernate: select posts0_.id as id1_0_, posts0_.create_date as create_d2_0_, posts0_.modified_date as modified3_0_, posts0_.author as author4_0_, posts0_.content as content5_0_, posts0_.title as title6_0_ from posts posts0_ order by posts0_.id DESC
]]></system-out>
  <system-err><![CDATA[]]></system-err>
</testsuite>
